................................................................................
		EXPERT Layout Editor version 4.8.8.R (build 1634)
		GDS input log file for C:\Users\user\Downloads\Final\Layout File\M14.gds
		Execution time: 06-14-2015 02:25:12 PM
................................................................................

		Settings:
................................................................................
Technology file               : Internal
Layers remapping table file   : None
Property map file             : None
................................................................................
Save 1st attached text as PROPVALUE with PROPATTR : None
Text rescaling                                    : 5000
GDS YEAR record is number of years since 1900     : Yes
Ignore layers undefined in technology             : No
Ignore DATATYPE                                   : No
Ignore magnification for cell instances/arrays    : No
Use database unit from GDS file                   : Yes
Convert Rounded or extended 1-point wires         : Yes
Skip GDS BOX data records                         : No
Write box-shaped BOUNDARY records as Expert boxes : Yes
Convert text presentation from older Expert       : No
Force line end                                    : No 
Force line joint                                  : No 
Self-intersection check                           : No
Copy self-intersecting polygons to error cells    : No
Move self-intersecting polygons to error cells    : No
Non-orthogonal arrays                             : Yes
Copy non-orthogonal arrays to error cells         : Yes
Move non-orthogonal arrays to error cells         : No
................................................................................

		Stream In Log
................................................................................
Accessed: 06/14/15 14:25:12
Modified: 06/10/15 20:35:53
Library name: M14.DB

User units: 0.001 DB units: 1e-09 m
DB units set to 0.001 um.

................................................................................
		Detailed cells info
................................................................................

Cell '2and'
...........
Created:  05/13/15 15:45:31
Modified: 05/13/15 15:51:59
Shape domain: (-8, -10) (5, 9)um; Size: 13um x 19um

	Cell '2and' Layer Statistic
...........................................................................................
Layer                GDS n,t    Boxes  Regions    Wires Ellipses   Shapes    Texts    Total
...........................................................................................
Lay1                   1,  0        2        2        0        0        4        0        4
Lay2                   2,  0        4        0        0        0        4        0        4
Lay3                   3,  0        2        0        0        0        2        0        2
Lay9                   9,  0        2        3        0        0        5        0        5
Lay14                 14,  0       17        0        0        0       17        0       17
Lay15                 15,  0        3        6        0        0        9        0        9
...........................................................................................
                Total              30       11        0        0       41        0       41
...........................................................................................

Cell '2nand'
............
Created:  04/08/15 16:10:38
Modified: 06/10/15 20:13:13
Shape domain: (4, -10) (11, 7)um; Size: 7um x 17um

	Cell '2nand' Layer Statistic
...........................................................................................
Layer                GDS n,t    Boxes  Regions    Wires Ellipses   Shapes    Texts    Total
...........................................................................................
Lay1                   1,  0        1        1        0        0        2        0        2
Lay2                   2,  0        2        0        0        0        2        0        2
Lay3                   3,  0        1        0        0        0        1        0        1
Lay9                   9,  0        2        1        0        0        3        0        3
Lay14                 14,  0        8        0        0        0        8        0        8
Lay15                 15,  0        0        3        0        0        3        0        3
...........................................................................................
                Total              14        5        0        0       19        0       19
...........................................................................................

Cell '2nor'
...........
Created:  04/15/15 14:46:24
Modified: 06/10/15 20:13:00
Shape domain: (-5, -5) (2, 12)um; Size: 7um x 17um

	Cell '2nor' Layer Statistic
...........................................................................................
Layer                GDS n,t    Boxes  Regions    Wires Ellipses   Shapes    Texts    Total
...........................................................................................
Lay1                   1,  0        1        1        0        0        2        0        2
Lay2                   2,  0        2        0        0        0        2        0        2
Lay3                   3,  0        1        0        0        0        1        0        1
Lay9                   9,  0        3        1        0        0        4        0        4
Lay14                 14,  0        8        0        0        0        8        0        8
Lay15                 15,  0        0        3        0        0        3        0        3
...........................................................................................
                Total              15        5        0        0       20        0       20
...........................................................................................

Cell '2or'
..........
Created:  05/13/15 15:46:44
Modified: 05/13/15 15:53:01
Shape domain: (-8, -10) (5, 9)um; Size: 13um x 19um

	Cell '2or' Layer Statistic
...........................................................................................
Layer                GDS n,t    Boxes  Regions    Wires Ellipses   Shapes    Texts    Total
...........................................................................................
Lay1                   1,  0        2        2        0        0        4        0        4
Lay2                   2,  0        4        0        0        0        4        0        4
Lay3                   3,  0        2        0        0        0        2        0        2
Lay9                   9,  0        2        3        0        0        5        0        5
Lay14                 14,  0       17        0        0        0       17        0       17
Lay15                 15,  0        3        6        0        0        9        0        9
...........................................................................................
                Total              30       11        0        0       41        0       41
...........................................................................................

Cell '3nand'
............
Created:  06/10/15 19:52:57
Modified: 06/10/15 20:06:42
Shape domain: (-8, -12) (2, 5)um; Size: 10um x 17um

	Cell '3nand' Layer Statistic
...........................................................................................
Layer                GDS n,t    Boxes  Regions    Wires Ellipses   Shapes    Texts    Total
...........................................................................................
Lay1                   1,  0        1        1        0        0        2        0        2
Lay2                   2,  0        2        0        0        0        2        0        2
Lay3                   3,  0        1        0        0        0        1        0        1
Lay9                   9,  0        3        1        0        0        4        0        4
Lay14                 14,  0        9        0        0        0        9        0        9
Lay15                 15,  0        0        3        0        0        3        0        3
...........................................................................................
                Total              16        5        0        0       21        0       21
...........................................................................................

Cell '3nor'
...........
Created:  06/10/15 20:18:05
Modified: 06/10/15 20:20:21
Shape domain: (-12, -10) (-3, 7)um; Size: 9um x 17um

	Cell '3nor' Layer Statistic
...........................................................................................
Layer                GDS n,t    Boxes  Regions    Wires Ellipses   Shapes    Texts    Total
...........................................................................................
Lay1                   1,  0        1        1        0        0        2        0        2
Lay2                   2,  0        2        0        0        0        2        0        2
Lay3                   3,  0        1        0        0        0        1        0        1
Lay9                   9,  0        3        1        0        0        4        0        4
Lay14                 14,  0        9        0        0        0        9        0        9
Lay15                 15,  0        0        3        0        0        3        0        3
...........................................................................................
                Total              16        5        0        0       21        0       21
...........................................................................................

Cell '4BitAddSub'
.................
Created:  05/27/15 16:02:02
Modified: 05/27/15 17:26:25
Shape domain: (7, -49) (173, 19)um; Size: 166um x 68um
Drawn domain: (6, -49) (173, 19)um; Size: 167um x 68um

	Cell '4BitAddSub' Layer Statistic
...........................................................................................
Layer                GDS n,t    Boxes  Regions    Wires Ellipses   Shapes    Texts    Total
...........................................................................................
Lay1                   1,  0       39       47        0        0       86       14      100
Lay2                   2,  0       90        0        0        0       90        0       90
Lay3                   3,  0       39        0        0        0       39        0       39
Lay9                   9,  0        0      136        0        0      136        0      136
Lay14                 14,  0      510        0        0        0      510        0      510
Lay15                 15,  0      218      138        0        0      356        0      356
...........................................................................................
                Total             896      321        0        0     1217       14     1231
...........................................................................................

Cell '4BitAddSubLong'
.....................
Created:  05/27/15 17:20:49
Modified: 05/27/15 17:30:46
Shape domain: (10, -16) (336, 18)um; Size: 326um x 34um
Drawn domain: (10, -16) (336, 20)um; Size: 326um x 36um

	Cell '4BitAddSubLong' Layer Statistic
...........................................................................................
Layer                GDS n,t    Boxes  Regions    Wires Ellipses   Shapes    Texts    Total
...........................................................................................
Lay1                   1,  0       39       47        0        0       86       15      101
Lay2                   2,  0       90        0        0        0       90        0       90
Lay3                   3,  0       39        0        0        0       39        0       39
Lay9                   9,  0        0      135        0        0      135        0      135
Lay14                 14,  0      509        0        0        0      509        0      509
Lay15                 15,  0      218      137        0        0      355        0      355
...........................................................................................
                Total             895      319        0        0     1214       15     1229
...........................................................................................

Cell '4nand'
............
Created:  06/10/15 20:04:05
Modified: 06/10/15 20:04:32
Shape domain: (-7, -11) (5, 6)um; Size: 12um x 17um

	Cell '4nand' Layer Statistic
...........................................................................................
Layer                GDS n,t    Boxes  Regions    Wires Ellipses   Shapes    Texts    Total
...........................................................................................
Lay1                   1,  0        1        1        0        0        2        0        2
Lay2                   2,  0        2        0        0        0        2        0        2
Lay3                   3,  0        1        0        0        0        1        0        1
Lay9                   9,  0        4        1        0        0        5        0        5
Lay14                 14,  0       10        0        0        0       10        0       10
Lay15                 15,  0        0        3        0        0        3        0        3
...........................................................................................
                Total              18        5        0        0       23        0       23
...........................................................................................

Cell '4nor'
...........
Created:  06/10/15 20:11:20
Modified: 06/10/15 20:17:08
Shape domain: (-8, -12) (4, 5)um; Size: 12um x 17um

	Cell '4nor' Layer Statistic
...........................................................................................
Layer                GDS n,t    Boxes  Regions    Wires Ellipses   Shapes    Texts    Total
...........................................................................................
Lay1                   1,  0        1        1        0        0        2        0        2
Lay2                   2,  0        2        0        0        0        2        0        2
Lay3                   3,  0        1        0        0        0        1        0        1
Lay9                   9,  0        4        1        0        0        5        0        5
Lay14                 14,  0       10        0        0        0       10        0       10
Lay15                 15,  0        0        3        0        0        3        0        3
...........................................................................................
                Total              18        5        0        0       23        0       23
...........................................................................................

Cell '5nand'
............
Created:  06/10/15 20:22:55
Modified: 06/10/15 20:30:54
Shape domain: (-12, -14) (1, 3)um; Size: 13um x 17um

	Cell '5nand' Layer Statistic
...........................................................................................
Layer                GDS n,t    Boxes  Regions    Wires Ellipses   Shapes    Texts    Total
...........................................................................................
Lay1                   1,  0        1        1        0        0        2        0        2
Lay2                   2,  0        2        0        0        0        2        0        2
Lay3                   3,  0        1        0        0        0        1        0        1
Lay9                   9,  0        5        1        0        0        6        0        6
Lay14                 14,  0       11        0        0        0       11        0       11
Lay15                 15,  0        0        3        0        0        3        0        3
...........................................................................................
                Total              20        5        0        0       25        0       25
...........................................................................................

Cell '5nor'
...........
Created:  06/10/15 20:23:06
Modified: 06/10/15 20:35:50
Shape domain: (-7, 5) (6, 22)um; Size: 13um x 17um

	Cell '5nor' Layer Statistic
...........................................................................................
Layer                GDS n,t    Boxes  Regions    Wires Ellipses   Shapes    Texts    Total
...........................................................................................
Lay1                   1,  0        1        1        0        0        2        0        2
Lay2                   2,  0        2        0        0        0        2        0        2
Lay3                   3,  0        1        0        0        0        1        0        1
Lay9                   9,  0        5        1        0        0        6        0        6
Lay14                 14,  0       11        0        0        0       11        0       11
Lay15                 15,  0        0        3        0        0        3        0        3
...........................................................................................
                Total              20        5        0        0       25        0       25
...........................................................................................

Cell 'CarryLookAhead'
.....................
Created:  06/10/15 20:22:22
Modified: 06/10/15 20:22:22
Shape domain: Empty.

Cell 'M14'
..........
Created:  04/08/15 14:34:42
Modified: 04/08/15 14:34:42
Shape domain: Empty.

Cell 'XOR'
..........
Created:  04/29/15 14:19:43
Modified: 05/27/15 15:58:44
Shape domain: (-3, -26) (21, -1)um; Size: 24um x 25um
Drawn domain: (-3, -26) (21, 0)um; Size: 24um x 26um

	Cell 'XOR' Layer Statistic
...........................................................................................
Layer                GDS n,t    Boxes  Regions    Wires Ellipses   Shapes    Texts    Total
...........................................................................................
Lay1                   1,  0        3        3        0        0        6        3        9
Lay2                   2,  0        7        0        0        0        7        0        7
Lay3                   3,  0        3        0        0        0        3        0        3
Lay9                   9,  0        0        9        0        0        9        0        9
Lay14                 14,  0       35        0        0        0       35        0       35
Lay15                 15,  0       13       10        0        0       23        0       23
...........................................................................................
                Total              61       22        0        0       83        3       86
...........................................................................................

Cell 'fulladder'
................
Created:  05/13/15 17:12:43
Modified: 05/27/15 15:31:14
Shape domain: (-21, -11) (38, 17)um; Size: 59um x 28um

	Cell 'fulladder' Layer Statistic
...........................................................................................
Layer                GDS n,t    Boxes  Regions    Wires Ellipses   Shapes    Texts    Total
...........................................................................................
Lay1                   1,  0        7        9        0        0       16        5       21
Lay2                   2,  0       16        0        0        0       16        0       16
Lay3                   3,  0        7        0        0        0        7        0        7
Lay9                   9,  0        0       25        0        0       25        0       25
Lay14                 14,  0       94        0        0        0       94        0       94
Lay15                 15,  0       40       25        0        0       65        0       65
...........................................................................................
                Total             164       59        0        0      223        5      228
...........................................................................................

Cell 'fulladderboring'
......................
Created:  05/13/15 17:12:51
Modified: 05/27/15 15:56:29
Shape domain: (-19, 28) (68, 56)um; Size: 87um x 28um

	Cell 'fulladderboring' Layer Statistic
...........................................................................................
Layer                GDS n,t    Boxes  Regions    Wires Ellipses   Shapes    Texts    Total
...........................................................................................
Lay1                   1,  0       12       12        0        0       24        5       29
Lay2                   2,  0       26        0        0        0       26        0       26
Lay3                   3,  0       12        0        0        0       12        0       12
Lay9                   9,  0        0       33        0        0       33        0       33
Lay14                 14,  0      131        0        0        0      131        0      131
Lay15                 15,  0       52       38        0        0       90        0       90
...........................................................................................
                Total             233       83        0        0      316        5      321
...........................................................................................

Cell 'halfadder'
................
Created:  04/15/15 15:01:15
Modified: 05/27/15 15:57:55
Shape domain: (-11, -17) (21, 8)um; Size: 32um x 25um
Drawn domain: (-11, -17) (21, 10)um; Size: 32um x 27um

	Cell 'halfadder' Layer Statistic
...........................................................................................
Layer                GDS n,t    Boxes  Regions    Wires Ellipses   Shapes    Texts    Total
...........................................................................................
Lay1                   1,  0        4        5        0        0        9        4       13
Lay2                   2,  0        9        0        0        0        9        0        9
Lay3                   3,  0        4        0        0        0        4        0        4
Lay9                   9,  0        0       13        0        0       13        0       13
Lay14                 14,  0       50        0        0        0       50        0       50
Lay15                 15,  0       20       14        0        0       34        0       34
...........................................................................................
                Total              87       32        0        0      119        4      123
...........................................................................................

Cell 'halfadderboring'
......................
Created:  05/13/15 16:44:34
Modified: 05/27/15 17:42:58
Shape domain: (-24, -12) (13, 13)um; Size: 37um x 25um

	Cell 'halfadderboring' Layer Statistic
...........................................................................................
Layer                GDS n,t    Boxes  Regions    Wires Ellipses   Shapes    Texts    Total
...........................................................................................
Lay1                   1,  0        5        5        0        0       10        0       10
Lay2                   2,  0       11        0        0        0       11        0       11
Lay3                   3,  0        5        0        0        0        5        0        5
Lay9                   9,  0        0       14        0        0       14        0       14
Lay14                 14,  0       55        0        0        0       55        0       55
Lay15                 15,  0       21       16        0        0       37        0       37
...........................................................................................
                Total              97       35        0        0      132        0      132
...........................................................................................

Cell 'inv'
..........
Created:  04/08/15 14:35:58
Modified: 05/27/15 15:59:22
Shape domain: (1, -9) (6, 8)um; Size: 5um x 17um

	Cell 'inv' Layer Statistic
...........................................................................................
Layer                GDS n,t    Boxes  Regions    Wires Ellipses   Shapes    Texts    Total
...........................................................................................
Lay1                   1,  0        1        1        0        0        2        0        2
Lay2                   2,  0        2        0        0        0        2        0        2
Lay3                   3,  0        1        0        0        0        1        0        1
Lay9                   9,  0        1        1        0        0        2        0        2
Lay14                 14,  0        7        0        0        0        7        0        7
Lay15                 15,  0        0        3        0        0        3        0        3
...........................................................................................
                Total              12        5        0        0       17        0       17
...........................................................................................

	Summary Cell Statistic
.................................................................................................................
Cell                     Boxes  Regions    Wires Ellipses   Shapes    Texts Instances   Arrays Instances    Total
                                                                                               +   Arrays         
.................................................................................................................
inv                         12        5        0        0       17        0         0        0         0       17
2nand                       14        5        0        0       19        0         0        0         0       19
3nor                        16        5        0        0       21        0         0        0         0       21
4BitAddSub                 896      321        0        0     1217       14         0        0         0     1231
2or                         30       11        0        0       41        0         0        0         0       41
4nand                       18        5        0        0       23        0         0        0         0       23
4nor                        18        5        0        0       23        0         0        0         0       23
halfadderboring             97       35        0        0      132        0         0        0         0      132
CarryLookAhead               0        0        0        0        0        0         0        0         0        0
2and                        30       11        0        0       41        0         0        0         0       41
M14                          0        0        0        0        0        0         0        0         0        0
5nor                        20        5        0        0       25        0         0        0         0       25
fulladderboring            233       83        0        0      316        5         0        0         0      321
3nand                       16        5        0        0       21        0         0        0         0       21
4BitAddSubLong             895      319        0        0     1214       15         0        0         0     1229
XOR                         61       22        0        0       83        3         0        0         0       86
fulladder                  164       59        0        0      223        5         0        0         0      228
5nand                       20        5        0        0       25        0         0        0         0       25
2nor                        15        5        0        0       20        0         0        0         0       20
halfadder                   87       32        0        0      119        4         0        0         0      123
.................................................................................................................
                Total     2642      938        0        0     3580       46         0        0         0     3626
.................................................................................................................

	Summary Layer Statistic
...........................................................................................
Layer                GDS n,t    Boxes  Regions    Wires Ellipses   Shapes    Texts    Total
...........................................................................................
Lay1                   1,  0      122      141        0        0      263       46      309
Lay2                   2,  0      275        0        0        0      275        0      275
Lay3                   3,  0      122        0        0        0      122        0      122
Lay9                   9,  0       34      380        0        0      414        0      414
Lay14                 14,  0     1501        0        0        0     1501        0     1501
Lay15                 15,  0      588      417        0        0     1005        0     1005
...........................................................................................
                Total            2642      938        0        0     3580       46     3626
...........................................................................................

Total:
20 cells
6 layers
3626 primitives
0 instances/arrays
