................................................................................
		EXPERT Layout Editor version 4.8.8.R (build 1634)
		GDS output log file for C:\Users\user\Downloads\Final\Layout File\M14.gds
		Execution time: 06-14-2015 04:34:16 PM
................................................................................

		Settings:
................................................................................
Layers remapping table file   : None
Property map file             : None
................................................................................
Save 1st attached text as PROPVALUE with PROPATTR : None
Text rescaling                                    : 5000
GDS YEAR record is number of years since 1900     : Yes
DB units                                          : default: 1e-09 m (0.001 user units)
Cell name limit, symbols                          : 32
Convert cell names to uppercase                   : No
Convert cell names to lowercase                   : No
Encrypt pcell parameters                          : No
Write library cells                               : Yes
Add library prefix to cell names                  : Yes
Write top cells first: subcells after parent cells: No
Write derived layers                              : No
Write scratch layers                              : Yes
Restrict layer numbers and datatypes              : Yes
Min layer number                                  : 0
Max layer number                                  : 255
Min datatype                                      : 0
Max datatype                                      : 255
Convert wires to regions                          : No
Max vertex count for regions                      : 400
Max vertex count for wires                        : 200
Normalize arrays                                  : Yes
Positive array steps                              : No
Restrict property attribute number                : Yes
Max property attribute number                     : 127
................................................................................

		Stream Out Log
................................................................................

Properties with attributes number more than 127 skipped.
	Summary Cell Statistic
.................................................................................................................
Cell                     Boxes  Regions    Wires Ellipses   Shapes    Texts Instances   Arrays Instances    Total
                                                                                               +   Arrays         
.................................................................................................................
inv                         12        5        0        0       17        0         0        0         0       17
2nand                       13        6        0        0       19        0         0        0         0       19
3nor                        14        7        0        0       21        0         0        0         0       21
4BitAddSub                 568      649        0        0     1217       14         0        0         0     1231
2or                         23       18        0        0       41        0         0        0         0       41
4nand                       15        8        0        0       23        0         0        0         0       23
4nor                        15        8        0        0       23        0         0        0         0       23
halfadderboring             64       68        0        0      132        0         0        0         0      132
CarryLookAhead             506      621        0        0     1127       21         0        0         0     1148
2and                        24       17        0        0       41        0         0        0         0       41
5nor                        16        9        0        0       25        0         0        0         0       25
fulladderboring            151      165        0        0      316        5         0        0         0      321
3nand                       14        7        0        0       21        0         0        0         0       21
4BitAddSubLong             568      646        0        0     1214       15         0        0         0     1229
XOR                         40       43        0        0       83        3         0        0         0       86
fulladder                  106      117        0        0      223        5         0        0         0      228
5nand                       16        9        0        0       25        0         0        0         0       25
2nor                        12        8        0        0       20        0         0        0         0       20
halfadder                   58       61        0        0      119        4         0        0         0      123
.................................................................................................................
                Total     2235     2472        0        0     4707       67         0        0         0     4774
.................................................................................................................

	Summary Layer Statistic
...........................................................................................
Layer                GDS n,t    Boxes  Regions    Wires Ellipses   Shapes    Texts    Total
...........................................................................................
SNACT                  1,  0      165      184        0        0      349       67      416
SPACT                  2,  0      361        0        0        0      361        0      361
SNWELL                 3,  0      165        0        0        0      165        0      165
SGPOLY                 9,  0       11      527        0        0      538        0      538
SSCNT                 14,  0     1529      435        0        0     1964        0     1964
SIMET1                15,  0        4     1326        0        0     1330        0     1330
...........................................................................................
                Total            2235     2472        0        0     4707       67     4774
...........................................................................................

Total:
20 cells
6 layers
4774 primitives
0 instances/arrays
